<?xml version="1.0" encoding="UTF-8"?>
<!-- Generated by org.testng.reporters.JUnitReportReporter -->
<testsuite skipped="0" hostname="DESKTOP-08PQLRT" name="com.bhumio.workspace.testrunner.ProjectTestRunnner" tests="5" failures="0" timestamp="2022-10-08T12:31:10 IST" time="32.180" errors="0">
  <testcase name="verifyCopyCard_Test_003" time="5.650" classname="com.bhumio.workspace.testrunner.ProjectTestRunnner"/>
  <system-out>
    <![CDATA[Clicked on Add a Project
Entered Bhumio
Project Budget100000is Entered
Entered Project Deadline 11/08/2023 09:00 pm
Clicked on Add
Clicked on Copy Card]]>
  </system-out>
  <testcase name="verifyDeleteCard_Test_005" time="7.400" classname="com.bhumio.workspace.testrunner.ProjectTestRunnner"/>
  <system-out>
    <![CDATA[Clicked on Add a Project
Entered Bhumio
Project Budget100000is Entered
Project Deadline is entered 11/08/2023 09:00 pm
Clicked on Add button
Clicked on Delete button]]>
  </system-out>
  <testcase name="verifyEditCard_Test_004" time="9.730" classname="com.bhumio.workspace.testrunner.ProjectTestRunnner"/>
  <system-out>
    <![CDATA[Clicked on Add a Project
Entered Bhumio
Project Budget100000is Entered
Clicked on Project Deadline 11/08/2023 09:00 pm
Clicked on Add
Clicked on Edit Card
Entered updated Project Name
Updated Project Budget50000is Entered
Updated project deadline is Entered
Clicked on Update]]>
  </system-out>
  <testcase name="verifyHomePageTitle_Test_001" time="3.346" classname="com.bhumio.workspace.testrunner.ProjectTestRunnner"/>
  <system-out>
    <![CDATA[Read expected title from properties file as: React App
React App
Got actual title from web page as: React App
Validation Completed]]>
  </system-out>
  <testcase name="verifyAddAProject_Test_002" time="6.054" classname="com.bhumio.workspace.testrunner.ProjectTestRunnner"/>
  <system-out>
    <![CDATA[Clicked on Add a Project
Entered Bhumio
Project Budget100000is Entered
Entered Deadline 11/08/2023 09:00 pm
Clicked on Add to add a Project]]>
  </system-out>
</testsuite> <!-- com.bhumio.workspace.testrunner.ProjectTestRunnner -->
