<?xml version="1.0" encoding="UTF-8"?>
<!-- Generated by org.testng.reporters.JUnitReportReporter -->
<testsuite skipped="0" hostname="DESKTOP-08PQLRT" name="com.bhumio.workspace.testrunner.ProjectTestRunnner" tests="1" failures="0" timestamp="2022-10-08T11:58:58 IST" time="7.974" errors="0">
  <testcase name="verifyAddAProject_Test_002" time="7.974" classname="com.bhumio.workspace.testrunner.ProjectTestRunnner"/>
  <system-out>
    <![CDATA[Clicked on Add a Project
Entered Bhumio
Project Budget100000is Entered
Entered Deadline 11/08/2023 09:00 pm
Clicked on Add to add a Project]]>
  </system-out>
</testsuite> <!-- com.bhumio.workspace.testrunner.ProjectTestRunnner -->
